0 info it worked if it ends with ok
1 verbose cli [ 'node', '/usr/local/bin/npm', 'install', '—save', 'jquery' ]
2 info using npm@2.11.0
3 info using node@v0.12.4
4 verbose install initial load of /Users/Wolf/Dropbox/openbazaar/client/prototypes/OpenBazaar-Design/package.json
5 warn package.json openbazaar@0.1.0 No repository field.
6 warn package.json openbazaar@0.1.0 No license field.
7 verbose readDependencies loading dependencies from /Users/Wolf/Dropbox/openbazaar/client/prototypes/OpenBazaar-Design/package.json
8 silly cache add args [ '—save', null ]
9 verbose cache add spec —save
10 silly cache add args [ 'jquery', null ]
11 verbose cache add spec jquery
12 silly cache add parsed spec { raw: '—save',
12 silly cache add   scope: null,
12 silly cache add   name: null,
12 silly cache add   rawSpec: '—save',
12 silly cache add   spec: '/Users/Wolf/Dropbox/openbazaar/client/prototypes/OpenBazaar-Design/—save',
12 silly cache add   type: 'local' }
13 silly cache add parsed spec { raw: 'jquery',
13 silly cache add   scope: null,
13 silly cache add   name: 'jquery',
13 silly cache add   rawSpec: '',
13 silly cache add   spec: '*',
13 silly cache add   type: 'range' }
14 silly addNamed jquery@*
15 verbose addNamed "*" is a valid semver range for jquery
16 silly addNameRange { name: 'jquery', range: '*', hasData: false }
17 silly mapToRegistry name jquery
18 silly mapToRegistry using default registry
19 silly mapToRegistry registry https://registry.npmjs.org/
20 silly mapToRegistry uri https://registry.npmjs.org/jquery
21 verbose addNameRange registry:https://registry.npmjs.org/jquery not in flight; fetching
22 error addLocal Could not install /Users/Wolf/Dropbox/openbazaar/client/prototypes/OpenBazaar-Design/—save
23 verbose get https://registry.npmjs.org/jquery not expired, no request
24 silly addNameRange number 2 { name: 'jquery', range: '*', hasData: true }
25 silly addNameRange versions [ 'jquery',
25 silly addNameRange   [ '1.5.1',
25 silly addNameRange     '1.6.2',
25 silly addNameRange     '1.6.3',
25 silly addNameRange     '1.7.2',
25 silly addNameRange     '1.7.3',
25 silly addNameRange     '1.8.2',
25 silly addNameRange     '1.8.3',
25 silly addNameRange     '2.1.0-beta2',
25 silly addNameRange     '2.1.0-beta3',
25 silly addNameRange     '1.11.0-beta3',
25 silly addNameRange     '1.11.0-rc1',
25 silly addNameRange     '2.1.0-rc1',
25 silly addNameRange     '1.11.0',
25 silly addNameRange     '2.1.0',
25 silly addNameRange     '2.1.1-beta1',
25 silly addNameRange     '1.11.1-beta1',
25 silly addNameRange     '2.1.1-rc1',
25 silly addNameRange     '1.11.1-rc1',
25 silly addNameRange     '2.1.1-rc2',
25 silly addNameRange     '1.11.1-rc2',
25 silly addNameRange     '2.1.1',
25 silly addNameRange     '1.11.1',
25 silly addNameRange     '1.9.1',
25 silly addNameRange     '2.1.2',
25 silly addNameRange     '1.11.2',
25 silly addNameRange     '2.1.3',
25 silly addNameRange     '2.1.4',
25 silly addNameRange     '1.11.3',
25 silly addNameRange     '3.0.0-alpha1' ] ]
26 silly addNamed jquery@2.1.4
27 verbose addNamed "2.1.4" is a plain semver version for jquery
28 silly cache afterAdd jquery@2.1.4
29 verbose afterAdd /Users/Wolf/.npm/jquery/2.1.4/package/package.json not in flight; writing
30 verbose afterAdd /Users/Wolf/.npm/jquery/2.1.4/package/package.json written
31 verbose stack Error: ENOENT, open '/Users/Wolf/Dropbox/openbazaar/client/prototypes/OpenBazaar-Design/—save'
31 verbose stack     at Error (native)
32 verbose cwd /Users/Wolf/Dropbox/openbazaar/client/prototypes/OpenBazaar-Design
33 error Darwin 14.4.0
34 error argv "node" "/usr/local/bin/npm" "install" "—save" "jquery"
35 error node v0.12.4
36 error npm  v2.11.0
37 error path /Users/Wolf/Dropbox/openbazaar/client/prototypes/OpenBazaar-Design/—save
38 error code ENOENT
39 error errno -2
40 error enoent ENOENT, open '/Users/Wolf/Dropbox/openbazaar/client/prototypes/OpenBazaar-Design/—save'
40 error enoent This is most likely not a problem with npm itself
40 error enoent and is related to npm not being able to find a file.
41 verbose exit [ -2, true ]
